<?xml version="1.0" encoding="UTF-8"?>
<testsuite xmlns:xsi="http://www.w3.org/2001/XMLSchema-instance" xsi:noNamespaceSchemaLocation="https://maven.apache.org/surefire/maven-surefire-plugin/xsd/surefire-test-report-3.0.xsd" version="3.0" name="com.sg.oop.addressbook.dao.AddressBookDaoMemImplTest" time="0.1" tests="5" errors="0" skipped="0" failures="1">
  <properties>
[...]
</properties>
  <testcase name="testAddressByLastName" classname="com.sg.oop.addressbook.dao.AddressBookDaoMemImplTest" time="0.044"/>
  <testcase name="testCountAddress" classname="com.sg.oop.addressbook.dao.AddressBookDaoMemImplTest" time="0.001"/>
  <testcase name="testAddGetAddress" classname="com.sg.oop.addressbook.dao.AddressBookDaoMemImplTest" time="0.013">
    <failure type="org.opentest4j.AssertionFailedError"><![CDATA[org.opentest4j.AssertionFailedError: First Name does not match. ==> expected: <John> but was: <DDD>
]]></failure>
  </testcase>
  <testcase name="testGetAllAddress" classname="com.sg.oop.addressbook.dao.AddressBookDaoMemImplTest" time="0.001"/>
  <testcase name="testRemoveAddress" classname="com.sg.oop.addressbook.dao.AddressBookDaoMemImplTest" time="0.001"/>
</testsuite>